Running OSNN real-world run 27 / 30
[RUN] id=27 seed=12372
[CPU] workers=8
[LOAD] INSECTS incremental_imbalanced n=452043 p=33 minority_orig=5
[LOAD] INSECTS incremental-abrupt_imbalanced n=452043 p=33 minority_orig=5
[LOAD] Keystroke n=1599 p=10 minority_orig=3
[LOAD] NOAA n=18158 p=8 minority_orig=2
[LOAD] Ozone n=2533 p=72 minority_orig=2
[LOAD] done in 82.94s
⏱️ Total Time                : 528.1190 ثانية
⏱️ Total Time                : 569.7870 ثانية
⏱️ Total Time                : 569.4231 ثانية
⏱️ Total Time                : 571.0458 ثانية
⏱️ Total Time                : 583.8901 ثانية
⏱️ Total Time                : 570.7310 ثانية
⏱️ Total Time                : 570.2652 ثانية
⏱️ Total Time                : 578.0382 ثانية
⏱️ Total Time                : 488.6021 ثانية
⏱️ Total Time                : 487.0864 ثانية
[RUN 27] completed 10/100
⏱️ Total Time                : 573.9874 ثانية
⏱️ Total Time                : 563.4341 ثانية
⏱️ Total Time                : 564.0385 ثانية
⏱️ Total Time                : 1.6605 ثانية
⏱️ Total Time                : 1.7091 ثانية
⏱️ Total Time                : 564.5834 ثانية
⏱️ Total Time                : 1.7313 ثانية
⏱️ Total Time                : 1.7288 ثانية
⏱️ Total Time                : 1.7491 ثانية
⏱️ Total Time                : 573.0289 ثانية
[RUN 27] completed 20/100
⏱️ Total Time                : 1.7558 ثانية
⏱️ Total Time                : 1.6012 ثانية
⏱️ Total Time                : 1.7883 ثانية
⏱️ Total Time                : 1.5340 ثانية
⏱️ Total Time                : 1.5351 ثانية
⏱️ Total Time                : 570.1933 ثانية
⏱️ Total Time                : 19.4179 ثانية
⏱️ Total Time                : 19.1551 ثانية
⏱️ Total Time                : 19.4594 ثانية
⏱️ Total Time                : 19.8487 ثانية
[RUN 27] completed 30/100
⏱️ Total Time                : 19.1703 ثانية
⏱️ Total Time                : 20.0985 ثانية
⏱️ Total Time                : 20.2065 ثانية
⏱️ Total Time                : 20.9793 ثانية
⏱️ Total Time                : 3.6487 ثانية
⏱️ Total Time                : 3.6027 ثانية
⏱️ Total Time                : 3.6670 ثانية
⏱️ Total Time                : 3.6576 ثانية
⏱️ Total Time                : 3.6392 ثانية
⏱️ Total Time                : 3.6672 ثانية
[RUN 27] completed 40/100
⏱️ Total Time                : 3.6834 ثانية
⏱️ Total Time                : 3.6612 ثانية
⏱️ Total Time                : 17.3825 ثانية
⏱️ Total Time                : 17.3388 ثانية
⏱️ Total Time                : 3.0821 ثانية
⏱️ Total Time                : 3.1041 ثانية
⏱️ Total Time                : 525.1186 ثانية
⏱️ Total Time                : 483.4300 ثانية
⏱️ Total Time                : 590.5272 ثانية
⏱️ Total Time                : 484.2088 ثانية
[RUN 27] completed 50/100
⏱️ Total Time                : 570.2801 ثانية
⏱️ Total Time                : 572.9855 ثانية
⏱️ Total Time                : 575.5508 ثانية
⏱️ Total Time                : 574.9979 ثانية
⏱️ Total Time                : 572.1896 ثانية
⏱️ Total Time                : 526.8211 ثانية
⏱️ Total Time                : 486.1637 ثانية
⏱️ Total Time                : 575.0664 ثانية
⏱️ Total Time                : 584.2501 ثانية
⏱️ Total Time                : 485.8183 ثانية
[RUN 27] completed 60/100
⏱️ Total Time                : 572.7999 ثانية
⏱️ Total Time                : 572.8813 ثانية
⏱️ Total Time                : 480.6124 ثانية
⏱️ Total Time                : 1.7209 ثانية
⏱️ Total Time                : 1.7072 ثانية
⏱️ Total Time                : 481.8314 ثانية
⏱️ Total Time                : 1.7269 ثانية
⏱️ Total Time                : 1.7406 ثانية
⏱️ Total Time                : 1.7436 ثانية
⏱️ Total Time                : 1.7663 ثانية
[RUN 27] completed 70/100
⏱️ Total Time                : 1.5992 ثانية
⏱️ Total Time                : 1.8007 ثانية
⏱️ Total Time                : 1.5342 ثانية
⏱️ Total Time                : 1.5424 ثانية
⏱️ Total Time                : 573.4611 ثانية
⏱️ Total Time                : 19.7196 ثانية
⏱️ Total Time                : 19.7638 ثانية
⏱️ Total Time                : 566.6670 ثانية
⏱️ Total Time                : 518.8254 ثانية
⏱️ Total Time                : 575.2135 ثانية
[RUN 27] completed 80/100
⏱️ Total Time                : 19.3200 ثانية
⏱️ Total Time                : 19.8245 ثانية
⏱️ Total Time                : 19.8312 ثانية
⏱️ Total Time                : 19.9830 ثانية
⏱️ Total Time                : 3.6428 ثانية
⏱️ Total Time                : 3.5814 ثانية
⏱️ Total Time                : 570.3789 ثانية
⏱️ Total Time                : 3.6451 ثانية
⏱️ Total Time                : 3.6377 ثانية
⏱️ Total Time                : 3.6472 ثانية
[RUN 27] completed 90/100
⏱️ Total Time                : 20.7802 ثانية
⏱️ Total Time                : 3.6464 ثانية
⏱️ Total Time                : 3.6549 ثانية
⏱️ Total Time                : 3.6426 ثانية
⏱️ Total Time                : 3.0818 ثانية
⏱️ Total Time                : 3.0803 ثانية
⏱️ Total Time                : 17.6270 ثانية
⏱️ Total Time                : 21.0050 ثانية
⏱️ Total Time                : 17.4096 ثانية
⏱️ Total Time                : 581.4690 ثانية
[RUN 27] completed 100/100

[SAVE] Run 27 saved: results_runs_osnn/run_27.parquet
[DONE] Wall time: 6433.02 sec
