Running OSNN real-world run 20 / 30
[RUN] id=20 seed=12365
[CPU] workers=8
[LOAD] INSECTS incremental_imbalanced n=452043 p=33 minority_orig=5
[LOAD] INSECTS incremental-abrupt_imbalanced n=452043 p=33 minority_orig=5
[LOAD] Keystroke n=1599 p=10 minority_orig=3
[LOAD] NOAA n=18158 p=8 minority_orig=2
[LOAD] Ozone n=2533 p=72 minority_orig=2
[LOAD] done in 82.45s
⏱️ Total Time                : 565.3721 ثانية
⏱️ Total Time                : 604.0627 ثانية
⏱️ Total Time                : 606.6134 ثانية
⏱️ Total Time                : 610.8136 ثانية
⏱️ Total Time                : 610.9035 ثانية
⏱️ Total Time                : 611.4808 ثانية
⏱️ Total Time                : 615.2700 ثانية
⏱️ Total Time                : 629.7179 ثانية
⏱️ Total Time                : 521.8902 ثانية
⏱️ Total Time                : 515.5978 ثانية
[RUN 20] completed 10/100
⏱️ Total Time                : 598.7299 ثانية
⏱️ Total Time                : 601.9101 ثانية
⏱️ Total Time                : 614.2049 ثانية
⏱️ Total Time                : 1.8029 ثانية
⏱️ Total Time                : 606.2863 ثانية
⏱️ Total Time                : 614.3988 ثانية
⏱️ Total Time                : 608.3224 ثانية
⏱️ Total Time                : 1.7258 ثانية
⏱️ Total Time                : 1.7472 ثانية
⏱️ Total Time                : 1.7470 ثانية
[RUN 20] completed 20/100
⏱️ Total Time                : 1.7532 ثانية
⏱️ Total Time                : 1.7666 ثانية
⏱️ Total Time                : 1.5613 ثانية
⏱️ Total Time                : 1.5396 ثانية
⏱️ Total Time                : 1.8122 ثانية
⏱️ Total Time                : 1.5509 ثانية
⏱️ Total Time                : 20.1738 ثانية
⏱️ Total Time                : 20.2899 ثانية
⏱️ Total Time                : 20.7105 ثانية
⏱️ Total Time                : 20.7257 ثانية
[RUN 20] completed 30/100
⏱️ Total Time                : 20.4667 ثانية
⏱️ Total Time                : 20.4328 ثانية
⏱️ Total Time                : 21.7120 ثانية
⏱️ Total Time                : 21.6722 ثانية
⏱️ Total Time                : 3.7360 ثانية
⏱️ Total Time                : 3.6528 ثانية
⏱️ Total Time                : 4.0632 ثانية
⏱️ Total Time                : 4.0403 ثانية
⏱️ Total Time                : 3.7065 ثانية
⏱️ Total Time                : 3.6867 ثانية
[RUN 20] completed 40/100
⏱️ Total Time                : 3.7935 ثانية
⏱️ Total Time                : 3.8297 ثانية
⏱️ Total Time                : 18.0726 ثانية
⏱️ Total Time                : 17.9291 ثانية
⏱️ Total Time                : 3.0738 ثانية
⏱️ Total Time                : 3.1298 ثانية
⏱️ Total Time                : 564.8046 ثانية
⏱️ Total Time                : 620.3376 ثانية
⏱️ Total Time                : 518.2534 ثانية
⏱️ Total Time                : 521.5768 ثانية
[RUN 20] completed 50/100
⏱️ Total Time                : 611.5446 ثانية
⏱️ Total Time                : 603.1164 ثانية
⏱️ Total Time                : 609.1980 ثانية
⏱️ Total Time                : 610.2401 ثانية
⏱️ Total Time                : 610.5732 ثانية
⏱️ Total Time                : 556.7249 ثانية
⏱️ Total Time                : 608.9091 ثانية
⏱️ Total Time                : 621.1769 ثانية
⏱️ Total Time                : 512.4552 ثانية
⏱️ Total Time                : 516.4750 ثانية
[RUN 20] completed 60/100
⏱️ Total Time                : 612.6057 ثانية
⏱️ Total Time                : 612.5491 ثانية
⏱️ Total Time                : 599.7326 ثانية
⏱️ Total Time                : 1.7554 ثانية
⏱️ Total Time                : 1.6835 ثانية
⏱️ Total Time                : 1.7590 ثانية
⏱️ Total Time                : 1.7614 ثانية
⏱️ Total Time                : 1.7706 ثانية
⏱️ Total Time                : 1.7860 ثانية
⏱️ Total Time                : 1.5885 ثانية
[RUN 20] completed 70/100
⏱️ Total Time                : 1.8238 ثانية
⏱️ Total Time                : 1.5501 ثانية
⏱️ Total Time                : 1.5510 ثانية
⏱️ Total Time                : 21.0223 ثانية
⏱️ Total Time                : 591.4917 ثانية
⏱️ Total Time                : 20.5207 ثانية
⏱️ Total Time                : 20.6733 ثانية
⏱️ Total Time                : 548.2240 ثانية
⏱️ Total Time                : 591.5742 ثانية
⏱️ Total Time                : 20.2188 ثانية
[RUN 20] completed 80/100
⏱️ Total Time                : 20.7557 ثانية
⏱️ Total Time                : 20.4135 ثانية
⏱️ Total Time                : 17.8743 ثانية
⏱️ Total Time                : 21.0644 ثانية
⏱️ Total Time                : 21.0705 ثانية
⏱️ Total Time                : 3.6982 ثانية
⏱️ Total Time                : 3.6253 ثانية
⏱️ Total Time                : 3.7057 ثانية
⏱️ Total Time                : 3.7347 ثانية
⏱️ Total Time                : 3.7136 ثانية
[RUN 20] completed 90/100
⏱️ Total Time                : 3.7076 ثانية
⏱️ Total Time                : 3.8202 ثانية
⏱️ Total Time                : 3.8812 ثانية
⏱️ Total Time                : 599.4696 ثانية
⏱️ Total Time                : 3.3760 ثانية
⏱️ Total Time                : 18.0501 ثانية
⏱️ Total Time                : 3.3000 ثانية
⏱️ Total Time                : 606.6156 ثانية
⏱️ Total Time                : 507.6976 ثانية
⏱️ Total Time                : 507.0964 ثانية
[RUN 20] completed 100/100

[SAVE] Run 20 saved: results_runs_osnn/run_20.parquet
[DONE] Wall time: 7282.36 sec
