Running OSNN real-world run 9 / 30
[RUN] id=9 seed=12354
[CPU] workers=8
[LOAD] INSECTS incremental_imbalanced n=452043 p=33 minority_orig=5
[LOAD] INSECTS incremental-abrupt_imbalanced n=452043 p=33 minority_orig=5
[LOAD] Keystroke n=1599 p=10 minority_orig=3
[LOAD] NOAA n=18158 p=8 minority_orig=2
[LOAD] Ozone n=2533 p=72 minority_orig=2
[LOAD] done in 84.64s
⏱️ Total Time                : 537.6008 ثانية
⏱️ Total Time                : 582.4559 ثانية
⏱️ Total Time                : 584.7673 ثانية
⏱️ Total Time                : 589.6692 ثانية
⏱️ Total Time                : 585.7051 ثانية
⏱️ Total Time                : 589.9980 ثانية
⏱️ Total Time                : 596.1861 ثانية
⏱️ Total Time                : 600.6963 ثانية
⏱️ Total Time                : 493.5118 ثانية
⏱️ Total Time                : 491.6219 ثانية
[RUN 9] completed 10/100
⏱️ Total Time                : 578.6730 ثانية
⏱️ Total Time                : 581.0673 ثانية
⏱️ Total Time                : 578.0044 ثانية
⏱️ Total Time                : 580.0111 ثانية
⏱️ Total Time                : 1.6485 ثانية
⏱️ Total Time                : 1.7012 ثانية
⏱️ Total Time                : 588.3019 ثانية
⏱️ Total Time                : 1.7150 ثانية
⏱️ Total Time                : 1.7284 ثانية
⏱️ Total Time                : 1.7373 ثانية
[RUN 9] completed 20/100
⏱️ Total Time                : 1.7390 ثانية
⏱️ Total Time                : 577.9345 ثانية
⏱️ Total Time                : 1.5917 ثانية
⏱️ Total Time                : 1.5218 ثانية
⏱️ Total Time                : 1.7854 ثانية
⏱️ Total Time                : 1.5153 ثانية
⏱️ Total Time                : 19.4755 ثانية
⏱️ Total Time                : 19.5231 ثانية
⏱️ Total Time                : 19.8454 ثانية
⏱️ Total Time                : 19.4659 ثانية
[RUN 9] completed 30/100
⏱️ Total Time                : 19.5390 ثانية
⏱️ Total Time                : 19.4334 ثانية
⏱️ Total Time                : 20.1796 ثانية
⏱️ Total Time                : 20.8067 ثانية
⏱️ Total Time                : 3.6114 ثانية
⏱️ Total Time                : 3.6070 ثانية
⏱️ Total Time                : 3.6403 ثانية
⏱️ Total Time                : 3.6475 ثانية
⏱️ Total Time                : 3.6120 ثانية
⏱️ Total Time                : 3.6839 ثانية
[RUN 9] completed 40/100
⏱️ Total Time                : 3.6530 ثانية
⏱️ Total Time                : 3.6866 ثانية
⏱️ Total Time                : 17.4052 ثانية
⏱️ Total Time                : 17.2714 ثانية
⏱️ Total Time                : 3.0577 ثانية
⏱️ Total Time                : 3.0836 ثانية
⏱️ Total Time                : 531.1066 ثانية
⏱️ Total Time                : 487.9979 ثانية
⏱️ Total Time                : 591.9861 ثانية
⏱️ Total Time                : 491.2879 ثانية
[RUN 9] completed 50/100
⏱️ Total Time                : 581.2033 ثانية
⏱️ Total Time                : 583.7594 ثانية
⏱️ Total Time                : 583.8972 ثانية
⏱️ Total Time                : 592.9816 ثانية
⏱️ Total Time                : 579.6429 ثانية
⏱️ Total Time                : 536.4346 ثانية
⏱️ Total Time                : 584.4953 ثانية
⏱️ Total Time                : 596.6838 ثانية
⏱️ Total Time                : 493.2362 ثانية
⏱️ Total Time                : 494.8071 ثانية
[RUN 9] completed 60/100
⏱️ Total Time                : 591.4080 ثانية
⏱️ Total Time                : 584.6987 ثانية
⏱️ Total Time                : 579.6117 ثانية
⏱️ Total Time                : 1.7100 ثانية
⏱️ Total Time                : 1.7003 ثانية
⏱️ Total Time                : 1.7266 ثانية
⏱️ Total Time                : 1.7226 ثانية
⏱️ Total Time                : 1.7347 ثانية
⏱️ Total Time                : 1.7453 ثانية
⏱️ Total Time                : 1.5142 ثانية
[RUN 9] completed 70/100
⏱️ Total Time                : 1.7775 ثانية
⏱️ Total Time                : 1.5227 ثانية
⏱️ Total Time                : 1.5277 ثانية
⏱️ Total Time                : 19.7023 ثانية
⏱️ Total Time                : 582.3794 ثانية
⏱️ Total Time                : 19.3478 ثانية
⏱️ Total Time                : 19.1160 ثانية
⏱️ Total Time                : 19.6519 ثانية
⏱️ Total Time                : 19.3052 ثانية
⏱️ Total Time                : 582.0788 ثانية
[RUN 9] completed 80/100
⏱️ Total Time                : 19.5844 ثانية
⏱️ Total Time                : 19.9393 ثانية
⏱️ Total Time                : 580.7964 ثانية
⏱️ Total Time                : 3.6240 ثانية
⏱️ Total Time                : 531.0036 ثانية
⏱️ Total Time                : 3.5829 ثانية
⏱️ Total Time                : 20.3245 ثانية
⏱️ Total Time                : 3.6669 ثانية
⏱️ Total Time                : 3.6239 ثانية
⏱️ Total Time                : 17.5522 ثانية
[RUN 9] completed 90/100
⏱️ Total Time                : 3.6266 ثانية
⏱️ Total Time                : 3.6715 ثانية
⏱️ Total Time                : 3.6486 ثانية
⏱️ Total Time                : 3.0622 ثانية
⏱️ Total Time                : 3.6670 ثانية
⏱️ Total Time                : 17.3795 ثانية
⏱️ Total Time                : 3.0715 ثانية
⏱️ Total Time                : 489.3373 ثانية
⏱️ Total Time                : 594.4341 ثانية
⏱️ Total Time                : 489.4790 ثانية
[RUN 9] completed 100/100

[SAVE] Run 9 saved: results_runs_osnn/run_09.parquet
[DONE] Wall time: 7154.49 sec
