GCCcore/12.2.0
zlib/1.2.12-GCCcore-12.2.0
binutils/2.39-GCCcore-12.2.0
bzip2/1.0.8-GCCcore-12.2.0
zlib/1.2.12-GCCcore-12.2.0
ncurses/6.3-GCCcore-12.2.0
libreadline/8.2-GCCcore-12.2.0
ncurses/6.3-GCCcore-12.2.0
Tcl/8.6.12-GCCcore-12.2.0
SQLite/3.39.4-GCCcore-12.2.0
XZ/5.2.7-GCCcore-12.2.0
GMP/6.2.1-GCCcore-12.2.0
libffi/3.4.4-GCCcore-12.2.0
OpenSSL/1.1
Python/3.10.8-GCCcore-12.2.0
/rds/projects/m/minkull-spdisc-hadi/PythonCode/real_world_exp/calc_CEL.py:39: RuntimeWarning: divide by zero encountered in log
  class0_loss += w_cls * np.log(1 - lab_pred[i])
/rds/projects/m/minkull-spdisc-hadi/PythonCode/real_world_exp/calc_CEL.py:39: RuntimeWarning: divide by zero encountered in log
  class0_loss += w_cls * np.log(1 - lab_pred[i])
/rds/projects/m/minkull-spdisc-hadi/PythonCode/real_world_exp/calc_CEL.py:39: RuntimeWarning: divide by zero encountered in log
  class0_loss += w_cls * np.log(1 - lab_pred[i])
/rds/projects/m/minkull-spdisc-hadi/PythonCode/real_world_exp/calc_CEL.py:39: RuntimeWarning: divide by zero encountered in log
  class0_loss += w_cls * np.log(1 - lab_pred[i])
/rds/projects/m/minkull-spdisc-hadi/PythonCode/real_world_exp/calc_CEL.py:39: RuntimeWarning: divide by zero encountered in log
  class0_loss += w_cls * np.log(1 - lab_pred[i])
/rds/projects/m/minkull-spdisc-hadi/PythonCode/real_world_exp/calc_CEL.py:39: RuntimeWarning: divide by zero encountered in log
  class0_loss += w_cls * np.log(1 - lab_pred[i])
/rds/projects/m/minkull-spdisc-hadi/PythonCode/real_world_exp/calc_CEL.py:39: RuntimeWarning: divide by zero encountered in log
  class0_loss += w_cls * np.log(1 - lab_pred[i])
/rds/projects/m/minkull-spdisc-hadi/PythonCode/real_world_exp/calc_CEL.py:39: RuntimeWarning: divide by zero encountered in log
  class0_loss += w_cls * np.log(1 - lab_pred[i])
/rds/projects/m/minkull-spdisc-hadi/PythonCode/real_world_exp/predict_function.py:16: RuntimeWarning: overflow encountered in exp
  prediction = 1 / (1 + np.exp(-z))
/rds/projects/m/minkull-spdisc-hadi/PythonCode/real_world_exp/calc_CEL.py:34: RuntimeWarning: divide by zero encountered in log
  class1_loss += w_cls * np.log(lab_pred[i])
/rds/projects/m/minkull-spdisc-hadi/PythonCode/real_world_exp/calc_CEL.py:39: RuntimeWarning: divide by zero encountered in log
  class0_loss += w_cls * np.log(1 - lab_pred[i])
/rds/projects/m/minkull-spdisc-hadi/PythonCode/real_world_exp/calc_CEL.py:39: RuntimeWarning: divide by zero encountered in log
  class0_loss += w_cls * np.log(1 - lab_pred[i])
/rds/projects/m/minkull-spdisc-hadi/PythonCode/real_world_exp/calc_CEL.py:39: RuntimeWarning: divide by zero encountered in log
  class0_loss += w_cls * np.log(1 - lab_pred[i])
/rds/projects/m/minkull-spdisc-hadi/PythonCode/real_world_exp/calc_CEL.py:39: RuntimeWarning: divide by zero encountered in log
  class0_loss += w_cls * np.log(1 - lab_pred[i])
/rds/projects/m/minkull-spdisc-hadi/PythonCode/real_world_exp/calc_CEL.py:39: RuntimeWarning: divide by zero encountered in log
  class0_loss += w_cls * np.log(1 - lab_pred[i])
/rds/projects/m/minkull-spdisc-hadi/PythonCode/real_world_exp/calc_CEL.py:39: RuntimeWarning: divide by zero encountered in log
  class0_loss += w_cls * np.log(1 - lab_pred[i])
/rds/projects/m/minkull-spdisc-hadi/PythonCode/real_world_exp/calc_CEL.py:39: RuntimeWarning: divide by zero encountered in log
  class0_loss += w_cls * np.log(1 - lab_pred[i])
/rds/projects/m/minkull-spdisc-hadi/PythonCode/real_world_exp/calc_CEL.py:39: RuntimeWarning: divide by zero encountered in log
  class0_loss += w_cls * np.log(1 - lab_pred[i])
/rds/projects/m/minkull-spdisc-hadi/PythonCode/real_world_exp/predict_function.py:16: RuntimeWarning: overflow encountered in exp
  prediction = 1 / (1 + np.exp(-z))
/rds/projects/m/minkull-spdisc-hadi/PythonCode/real_world_exp/calc_CEL.py:34: RuntimeWarning: divide by zero encountered in log
  class1_loss += w_cls * np.log(lab_pred[i])
/rds/projects/m/minkull-spdisc-hadi/PythonCode/real_world_exp/calc_CEL.py:39: RuntimeWarning: divide by zero encountered in log
  class0_loss += w_cls * np.log(1 - lab_pred[i])
/rds/projects/m/minkull-spdisc-hadi/PythonCode/real_world_exp/calc_CEL.py:39: RuntimeWarning: divide by zero encountered in log
  class0_loss += w_cls * np.log(1 - lab_pred[i])
/rds/projects/m/minkull-spdisc-hadi/PythonCode/real_world_exp/calc_CEL.py:39: RuntimeWarning: divide by zero encountered in log
  class0_loss += w_cls * np.log(1 - lab_pred[i])
/rds/projects/m/minkull-spdisc-hadi/PythonCode/real_world_exp/predict_function.py:16: RuntimeWarning: overflow encountered in exp
  prediction = 1 / (1 + np.exp(-z))
/rds/projects/m/minkull-spdisc-hadi/PythonCode/real_world_exp/calc_CEL.py:34: RuntimeWarning: divide by zero encountered in log
  class1_loss += w_cls * np.log(lab_pred[i])
/rds/projects/m/minkull-spdisc-hadi/PythonCode/real_world_exp/calc_CEL.py:39: RuntimeWarning: divide by zero encountered in log
  class0_loss += w_cls * np.log(1 - lab_pred[i])
/rds/projects/m/minkull-spdisc-hadi/PythonCode/real_world_exp/calc_CEL.py:39: RuntimeWarning: divide by zero encountered in log
  class0_loss += w_cls * np.log(1 - lab_pred[i])
/rds/projects/m/minkull-spdisc-hadi/PythonCode/real_world_exp/calc_CEL.py:39: RuntimeWarning: divide by zero encountered in log
  class0_loss += w_cls * np.log(1 - lab_pred[i])
/rds/projects/m/minkull-spdisc-hadi/PythonCode/real_world_exp/calc_CEL.py:39: RuntimeWarning: divide by zero encountered in log
  class0_loss += w_cls * np.log(1 - lab_pred[i])
/rds/projects/m/minkull-spdisc-hadi/PythonCode/real_world_exp/calc_CEL.py:39: RuntimeWarning: divide by zero encountered in log
  class0_loss += w_cls * np.log(1 - lab_pred[i])
/rds/projects/m/minkull-spdisc-hadi/PythonCode/real_world_exp/calc_CEL.py:39: RuntimeWarning: divide by zero encountered in log
  class0_loss += w_cls * np.log(1 - lab_pred[i])
/rds/projects/m/minkull-spdisc-hadi/PythonCode/real_world_exp/calc_CEL.py:39: RuntimeWarning: divide by zero encountered in log
  class0_loss += w_cls * np.log(1 - lab_pred[i])
/rds/projects/m/minkull-spdisc-hadi/PythonCode/real_world_exp/calc_CEL.py:39: RuntimeWarning: divide by zero encountered in log
  class0_loss += w_cls * np.log(1 - lab_pred[i])
/rds/projects/m/minkull-spdisc-hadi/PythonCode/real_world_exp/calc_CEL.py:39: RuntimeWarning: divide by zero encountered in log
  class0_loss += w_cls * np.log(1 - lab_pred[i])
/rds/projects/m/minkull-spdisc-hadi/PythonCode/real_world_exp/calc_CEL.py:39: RuntimeWarning: divide by zero encountered in log
  class0_loss += w_cls * np.log(1 - lab_pred[i])
/rds/projects/m/minkull-spdisc-hadi/PythonCode/real_world_exp/calc_CEL.py:39: RuntimeWarning: divide by zero encountered in log
  class0_loss += w_cls * np.log(1 - lab_pred[i])
/rds/projects/m/minkull-spdisc-hadi/PythonCode/real_world_exp/calc_CEL.py:39: RuntimeWarning: divide by zero encountered in log
  class0_loss += w_cls * np.log(1 - lab_pred[i])
/rds/projects/m/minkull-spdisc-hadi/PythonCode/real_world_exp/calc_CEL.py:39: RuntimeWarning: divide by zero encountered in log
  class0_loss += w_cls * np.log(1 - lab_pred[i])
/rds/projects/m/minkull-spdisc-hadi/PythonCode/real_world_exp/calc_CEL.py:39: RuntimeWarning: divide by zero encountered in log
  class0_loss += w_cls * np.log(1 - lab_pred[i])
/rds/projects/m/minkull-spdisc-hadi/PythonCode/real_world_exp/calc_CEL.py:39: RuntimeWarning: divide by zero encountered in log
  class0_loss += w_cls * np.log(1 - lab_pred[i])
/rds/projects/m/minkull-spdisc-hadi/PythonCode/real_world_exp/calc_CEL.py:39: RuntimeWarning: divide by zero encountered in log
  class0_loss += w_cls * np.log(1 - lab_pred[i])
/rds/projects/m/minkull-spdisc-hadi/PythonCode/real_world_exp/calc_CEL.py:39: RuntimeWarning: divide by zero encountered in log
  class0_loss += w_cls * np.log(1 - lab_pred[i])
/rds/projects/m/minkull-spdisc-hadi/PythonCode/real_world_exp/calc_CEL.py:39: RuntimeWarning: divide by zero encountered in log
  class0_loss += w_cls * np.log(1 - lab_pred[i])
/rds/projects/m/minkull-spdisc-hadi/PythonCode/real_world_exp/predict_function.py:16: RuntimeWarning: overflow encountered in exp
  prediction = 1 / (1 + np.exp(-z))
/rds/projects/m/minkull-spdisc-hadi/PythonCode/real_world_exp/calc_CEL.py:34: RuntimeWarning: divide by zero encountered in log
  class1_loss += w_cls * np.log(lab_pred[i])
/rds/projects/m/minkull-spdisc-hadi/PythonCode/real_world_exp/calc_CEL.py:39: RuntimeWarning: divide by zero encountered in log
  class0_loss += w_cls * np.log(1 - lab_pred[i])
/rds/projects/m/minkull-spdisc-hadi/PythonCode/real_world_exp/calc_CEL.py:39: RuntimeWarning: divide by zero encountered in log
  class0_loss += w_cls * np.log(1 - lab_pred[i])
/rds/projects/m/minkull-spdisc-hadi/PythonCode/real_world_exp/calc_CEL.py:39: RuntimeWarning: divide by zero encountered in log
  class0_loss += w_cls * np.log(1 - lab_pred[i])
/rds/projects/m/minkull-spdisc-hadi/PythonCode/real_world_exp/calc_CEL.py:39: RuntimeWarning: divide by zero encountered in log
  class0_loss += w_cls * np.log(1 - lab_pred[i])
/rds/projects/m/minkull-spdisc-hadi/PythonCode/real_world_exp/calc_CEL.py:39: RuntimeWarning: divide by zero encountered in log
  class0_loss += w_cls * np.log(1 - lab_pred[i])
/rds/projects/m/minkull-spdisc-hadi/PythonCode/real_world_exp/calc_CEL.py:39: RuntimeWarning: divide by zero encountered in log
  class0_loss += w_cls * np.log(1 - lab_pred[i])
/rds/projects/m/minkull-spdisc-hadi/PythonCode/real_world_exp/calc_CEL.py:39: RuntimeWarning: divide by zero encountered in log
  class0_loss += w_cls * np.log(1 - lab_pred[i])
/rds/projects/m/minkull-spdisc-hadi/PythonCode/real_world_exp/calc_CEL.py:39: RuntimeWarning: divide by zero encountered in log
  class0_loss += w_cls * np.log(1 - lab_pred[i])
/rds/projects/m/minkull-spdisc-hadi/PythonCode/real_world_exp/calc_CEL.py:39: RuntimeWarning: divide by zero encountered in log
  class0_loss += w_cls * np.log(1 - lab_pred[i])
/rds/projects/m/minkull-spdisc-hadi/PythonCode/real_world_exp/calc_CEL.py:39: RuntimeWarning: divide by zero encountered in log
  class0_loss += w_cls * np.log(1 - lab_pred[i])
/rds/projects/m/minkull-spdisc-hadi/PythonCode/real_world_exp/calc_CEL.py:39: RuntimeWarning: divide by zero encountered in log
  class0_loss += w_cls * np.log(1 - lab_pred[i])
/rds/projects/m/minkull-spdisc-hadi/PythonCode/real_world_exp/calc_CEL.py:39: RuntimeWarning: divide by zero encountered in log
  class0_loss += w_cls * np.log(1 - lab_pred[i])
/rds/projects/m/minkull-spdisc-hadi/PythonCode/real_world_exp/calc_CEL.py:39: RuntimeWarning: divide by zero encountered in log
  class0_loss += w_cls * np.log(1 - lab_pred[i])
/rds/projects/m/minkull-spdisc-hadi/PythonCode/real_world_exp/predict_function.py:16: RuntimeWarning: overflow encountered in exp
  prediction = 1 / (1 + np.exp(-z))
/rds/projects/m/minkull-spdisc-hadi/PythonCode/real_world_exp/calc_CEL.py:34: RuntimeWarning: divide by zero encountered in log
  class1_loss += w_cls * np.log(lab_pred[i])
/rds/projects/m/minkull-spdisc-hadi/PythonCode/real_world_exp/calc_CEL.py:39: RuntimeWarning: divide by zero encountered in log
  class0_loss += w_cls * np.log(1 - lab_pred[i])
/rds/projects/m/minkull-spdisc-hadi/PythonCode/real_world_exp/calc_CEL.py:39: RuntimeWarning: divide by zero encountered in log
  class0_loss += w_cls * np.log(1 - lab_pred[i])
/rds/projects/m/minkull-spdisc-hadi/PythonCode/real_world_exp/predict_function.py:16: RuntimeWarning: overflow encountered in exp
  prediction = 1 / (1 + np.exp(-z))
/rds/projects/m/minkull-spdisc-hadi/PythonCode/real_world_exp/calc_CEL.py:39: RuntimeWarning: divide by zero encountered in log
  class0_loss += w_cls * np.log(1 - lab_pred[i])
/rds/projects/m/minkull-spdisc-hadi/PythonCode/real_world_exp/calc_CEL.py:34: RuntimeWarning: divide by zero encountered in log
  class1_loss += w_cls * np.log(lab_pred[i])
/rds/projects/m/minkull-spdisc-hadi/PythonCode/real_world_exp/calc_CEL.py:39: RuntimeWarning: divide by zero encountered in log
  class0_loss += w_cls * np.log(1 - lab_pred[i])
/rds/projects/m/minkull-spdisc-hadi/PythonCode/real_world_exp/calc_CEL.py:39: RuntimeWarning: divide by zero encountered in log
  class0_loss += w_cls * np.log(1 - lab_pred[i])
/rds/projects/m/minkull-spdisc-hadi/PythonCode/real_world_exp/calc_CEL.py:39: RuntimeWarning: divide by zero encountered in log
  class0_loss += w_cls * np.log(1 - lab_pred[i])
/rds/projects/m/minkull-spdisc-hadi/PythonCode/real_world_exp/calc_CEL.py:39: RuntimeWarning: divide by zero encountered in log
  class0_loss += w_cls * np.log(1 - lab_pred[i])
/rds/projects/m/minkull-spdisc-hadi/PythonCode/real_world_exp/calc_CEL.py:39: RuntimeWarning: divide by zero encountered in log
  class0_loss += w_cls * np.log(1 - lab_pred[i])
/rds/projects/m/minkull-spdisc-hadi/PythonCode/real_world_exp/calc_CEL.py:39: RuntimeWarning: divide by zero encountered in log
  class0_loss += w_cls * np.log(1 - lab_pred[i])
/rds/projects/m/minkull-spdisc-hadi/PythonCode/real_world_exp/calc_CEL.py:39: RuntimeWarning: divide by zero encountered in log
  class0_loss += w_cls * np.log(1 - lab_pred[i])
/rds/projects/m/minkull-spdisc-hadi/PythonCode/real_world_exp/calc_CEL.py:39: RuntimeWarning: divide by zero encountered in log
  class0_loss += w_cls * np.log(1 - lab_pred[i])
/rds/projects/m/minkull-spdisc-hadi/PythonCode/real_world_exp/calc_CEL.py:39: RuntimeWarning: divide by zero encountered in log
  class0_loss += w_cls * np.log(1 - lab_pred[i])
/rds/projects/m/minkull-spdisc-hadi/PythonCode/real_world_exp/calc_CEL.py:39: RuntimeWarning: divide by zero encountered in log
  class0_loss += w_cls * np.log(1 - lab_pred[i])
/rds/projects/m/minkull-spdisc-hadi/PythonCode/real_world_exp/calc_CEL.py:39: RuntimeWarning: divide by zero encountered in log
  class0_loss += w_cls * np.log(1 - lab_pred[i])
/rds/projects/m/minkull-spdisc-hadi/PythonCode/real_world_exp/calc_CEL.py:39: RuntimeWarning: divide by zero encountered in log
  class0_loss += w_cls * np.log(1 - lab_pred[i])
/rds/projects/m/minkull-spdisc-hadi/PythonCode/real_world_exp/calc_CEL.py:39: RuntimeWarning: divide by zero encountered in log
  class0_loss += w_cls * np.log(1 - lab_pred[i])
